app/build/intermediates/manifest_merge_blame_file/debug/processDebugMainManifest/manifest-merger-blame-debug-report.txt
1<?xml version="1.0" encoding="utf-8"?>
2<manifest xmlns:android="http://schemas.android.com/apk/res/android"
3    package="com.example.studyplanner"
4    android:versionCode="1"
5    android:versionName="1.0" >
6
7    <uses-sdk
8        android:minSdkVersion="24"
9        android:targetSdkVersion="34" />
10
11    <uses-permission android:name="android.permission.POST_NOTIFICATIONS" />
11-->src\main\AndroidManifest.xml:6:5-77
11-->src\main\AndroidManifest.xml:6:22-74
12    <uses-permission android:name="android.permission.INTERNET" />
12-->src\main\AndroidManifest.xml:7:5-67
12-->src\main\AndroidManifest.xml:7:22-64
13    <uses-permission android:name="android.permission.ACCESS_NETWORK_STATE" />
13-->src\main\AndroidManifest.xml:8:5-79
13-->src\main\AndroidManifest.xml:8:22-76
14
15    <permission
15-->[androidx.core:core:1.12.0] AndroidManifest.xml:22:5-24:47
16        android:name="com.example.studyplanner.DYNAMIC_RECEIVER_NOT_EXPORTED_PERMISSION"
16-->[androidx.core:core:1.12.0] AndroidManifest.xml:23:9-81
17        android:protectionLevel="signature" />
17-->[androidx.core:core:1.12.0] AndroidManifest.xml:24:9-44
18
19    <uses-permission android:name="com.example.studyplanner.DYNAMIC_RECEIVER_NOT_EXPORTED_PERMISSION" />
19-->[androidx.core:core:1.12.0] AndroidManifest.xml:26:5-97
19-->[androidx.core:core:1.12.0] AndroidManifest.xml:26:22-94
20
21    <application
21-->src\main\AndroidManifest.xml:10:5-97:19
22        android:name="com.example.studyplanner.StudyPlannerApp"
22-->src\main\AndroidManifest.xml:19:9-40
23        android:allowBackup="true"
23-->src\main\AndroidManifest.xml:11:9-35
24        android:appComponentFactory="androidx.core.app.CoreComponentFactory"
24-->[androidx.core:core:1.12.0] AndroidManifest.xml:28:18-86
25        android:dataExtractionRules="@xml/data_extraction_rules"
25-->src\main\AndroidManifest.xml:12:9-65
26        android:debuggable="true"
27        android:extractNativeLibs="false"
28        android:fullBackupContent="@xml/backup_rules"
28-->src\main\AndroidManifest.xml:13:9-54
29        android:icon="@mipmap/ic_launcher"
29-->src\main\AndroidManifest.xml:14:9-43
30        android:label="@string/app_name"
30-->src\main\AndroidManifest.xml:15:9-41
31        android:networkSecurityConfig="@xml/network_security_config"
31-->src\main\AndroidManifest.xml:20:9-69
32        android:roundIcon="@mipmap/ic_launcher_round"
32-->src\main\AndroidManifest.xml:16:9-54
33        android:supportsRtl="true"
33-->src\main\AndroidManifest.xml:17:9-35
34        android:testOnly="true"
35        android:theme="@style/AppTheme"
35-->src\main\AndroidManifest.xml:18:9-40
36        android:usesCleartextTraffic="true" >
36-->src\main\AndroidManifest.xml:21:9-44
37        <provider
37-->src\main\AndroidManifest.xml:24:9-32:20
38            android:name="androidx.core.content.FileProvider"
38-->src\main\AndroidManifest.xml:25:13-62
39            android:authorities="com.example.studyplanner.fileprovider"
39-->src\main\AndroidManifest.xml:26:13-72
40            android:exported="false"
40-->src\main\AndroidManifest.xml:27:13-37
41            android:grantUriPermissions="true" >
41-->src\main\AndroidManifest.xml:28:13-47
42            <meta-data
42-->src\main\AndroidManifest.xml:29:13-31:54
43                android:name="android.support.FILE_PROVIDER_PATHS"
43-->src\main\AndroidManifest.xml:30:17-67
44                android:resource="@xml/file_paths" />
44-->src\main\AndroidManifest.xml:31:17-51
45        </provider>
46
47        <activity
47-->src\main\AndroidManifest.xml:34:9-43:20
48            android:name="com.example.studyplanner.LoginActivity"
48-->src\main\AndroidManifest.xml:35:13-42
49            android:exported="true"
49-->src\main\AndroidManifest.xml:36:13-36
50            android:theme="@style/AppTheme"
50-->src\main\AndroidManifest.xml:37:13-44
51            android:windowSoftInputMode="adjustResize" >
51-->src\main\AndroidManifest.xml:38:13-55
52            <intent-filter>
52-->src\main\AndroidManifest.xml:39:13-42:29
53                <action android:name="android.intent.action.MAIN" />
53-->src\main\AndroidManifest.xml:40:17-69
53-->src\main\AndroidManifest.xml:40:25-66
54
55                <category android:name="android.intent.category.LAUNCHER" />
55-->src\main\AndroidManifest.xml:41:17-77
55-->src\main\AndroidManifest.xml:41:27-74
56            </intent-filter>
57        </activity>
58        <activity
58-->src\main\AndroidManifest.xml:45:9-48:58
59            android:name="com.example.studyplanner.RegisterActivity"
59-->src\main\AndroidManifest.xml:46:13-45
60            android:theme="@style/AppTheme"
60-->src\main\AndroidManifest.xml:47:13-44
61            android:windowSoftInputMode="adjustResize" />
61-->src\main\AndroidManifest.xml:48:13-55
62        <activity
62-->src\main\AndroidManifest.xml:50:9-53:39
63            android:name="com.example.studyplanner.MainActivity"
63-->src\main\AndroidManifest.xml:51:13-41
64            android:exported="true"
64-->src\main\AndroidManifest.xml:53:13-36
65            android:theme="@style/AppTheme" />
65-->src\main\AndroidManifest.xml:52:13-44
66        <activity
66-->src\main\AndroidManifest.xml:55:9-57:47
67            android:name="com.example.studyplanner.TimetableActivity"
67-->src\main\AndroidManifest.xml:56:13-46
68            android:theme="@style/AppTheme" />
68-->src\main\AndroidManifest.xml:57:13-44
69        <activity
69-->src\main\AndroidManifest.xml:59:9-61:47
70            android:name="com.example.studyplanner.SubjectsActivity"
70-->src\main\AndroidManifest.xml:60:13-45
71            android:theme="@style/AppTheme" />
71-->src\main\AndroidManifest.xml:61:13-44
72        <activity
72-->src\main\AndroidManifest.xml:63:9-65:47
73            android:name="com.example.studyplanner.ResourcesActivity"
73-->src\main\AndroidManifest.xml:64:13-46
74            android:theme="@style/AppTheme" />
74-->src\main\AndroidManifest.xml:65:13-44
75        <activity
75-->src\main\AndroidManifest.xml:67:9-69:47
76            android:name="com.example.studyplanner.QuizActivity"
76-->src\main\AndroidManifest.xml:68:13-41
77            android:theme="@style/AppTheme" />
77-->src\main\AndroidManifest.xml:69:13-44
78        <activity
78-->src\main\AndroidManifest.xml:71:9-73:47
79            android:name="com.example.studyplanner.ProfileActivity"
79-->src\main\AndroidManifest.xml:72:13-44
80            android:theme="@style/AppTheme" />
80-->src\main\AndroidManifest.xml:73:13-44
81        <activity
81-->src\main\AndroidManifest.xml:75:9-77:47
82            android:name="com.example.studyplanner.SettingsActivity"
82-->src\main\AndroidManifest.xml:76:13-45
83            android:theme="@style/AppTheme" />
83-->src\main\AndroidManifest.xml:77:13-44
84        <activity
84-->src\main\AndroidManifest.xml:79:9-82:57
85            android:name="com.example.studyplanner.ChatActivity"
85-->src\main\AndroidManifest.xml:80:13-41
86            android:theme="@style/Theme.AppCompat.Light.NoActionBar"
86-->src\main\AndroidManifest.xml:81:13-69
87            android:windowSoftInputMode="adjustResize" />
87-->src\main\AndroidManifest.xml:82:13-55
88        <activity
88-->src\main\AndroidManifest.xml:84:9-87:72
89            android:name="com.example.studyplanner.VideoResourcesActivity"
89-->src\main\AndroidManifest.xml:85:13-51
90            android:exported="false"
90-->src\main\AndroidManifest.xml:86:13-37
91            android:theme="@style/Theme.AppCompat.Light.NoActionBar" />
91-->src\main\AndroidManifest.xml:87:13-69
92        <activity
92-->src\main\AndroidManifest.xml:88:9-91:72
93            android:name="com.example.studyplanner.SubjectVideosActivity"
93-->src\main\AndroidManifest.xml:89:13-50
94            android:exported="false"
94-->src\main\AndroidManifest.xml:90:13-37
95            android:theme="@style/Theme.AppCompat.Light.NoActionBar" />
95-->src\main\AndroidManifest.xml:91:13-69
96        <activity
96-->src\main\AndroidManifest.xml:92:9-96:45
97            android:name="com.example.studyplanner.QuizSubjectsActivity"
97-->src\main\AndroidManifest.xml:93:13-49
98            android:exported="false"
98-->src\main\AndroidManifest.xml:94:13-37
99            android:label="Quiz Subjects"
99-->src\main\AndroidManifest.xml:96:13-42
100            android:theme="@style/Theme.AppCompat.Light.NoActionBar" />
100-->src\main\AndroidManifest.xml:95:13-69
101
102        <provider
102-->[androidx.emoji2:emoji2:1.2.0] AndroidManifest.xml:24:9-32:20
103            android:name="androidx.startup.InitializationProvider"
103-->[androidx.emoji2:emoji2:1.2.0] AndroidManifest.xml:25:13-67
104            android:authorities="com.example.studyplanner.androidx-startup"
104-->[androidx.emoji2:emoji2:1.2.0] AndroidManifest.xml:26:13-68
105            android:exported="false" >
105-->[androidx.emoji2:emoji2:1.2.0] AndroidManifest.xml:27:13-37
106            <meta-data
106-->[androidx.emoji2:emoji2:1.2.0] AndroidManifest.xml:29:13-31:52
107                android:name="androidx.emoji2.text.EmojiCompatInitializer"
107-->[androidx.emoji2:emoji2:1.2.0] AndroidManifest.xml:30:17-75
108                android:value="androidx.startup" />
108-->[androidx.emoji2:emoji2:1.2.0] AndroidManifest.xml:31:17-49
109            <meta-data
109-->[androidx.lifecycle:lifecycle-process:2.6.2] AndroidManifest.xml:29:13-31:52
110                android:name="androidx.lifecycle.ProcessLifecycleInitializer"
110-->[androidx.lifecycle:lifecycle-process:2.6.2] AndroidManifest.xml:30:17-78
111                android:value="androidx.startup" />
111-->[androidx.lifecycle:lifecycle-process:2.6.2] AndroidManifest.xml:31:17-49
112            <meta-data
112-->[androidx.profileinstaller:profileinstaller:1.3.0] AndroidManifest.xml:29:13-31:52
113                android:name="androidx.profileinstaller.ProfileInstallerInitializer"
113-->[androidx.profileinstaller:profileinstaller:1.3.0] AndroidManifest.xml:30:17-85
114                android:value="androidx.startup" />
114-->[androidx.profileinstaller:profileinstaller:1.3.0] AndroidManifest.xml:31:17-49
115        </provider>
116
117        <uses-library
117-->[androidx.window:window:1.0.0] AndroidManifest.xml:25:9-27:40
118            android:name="androidx.window.extensions"
118-->[androidx.window:window:1.0.0] AndroidManifest.xml:26:13-54
119            android:required="false" />
119-->[androidx.window:window:1.0.0] AndroidManifest.xml:27:13-37
120        <uses-library
120-->[androidx.window:window:1.0.0] AndroidManifest.xml:28:9-30:40
121            android:name="androidx.window.sidecar"
121-->[androidx.window:window:1.0.0] AndroidManifest.xml:29:13-51
122            android:required="false" />
122-->[androidx.window:window:1.0.0] AndroidManifest.xml:30:13-37
123
124        <receiver
124-->[androidx.profileinstaller:profileinstaller:1.3.0] AndroidManifest.xml:34:9-52:20
125            android:name="androidx.profileinstaller.ProfileInstallReceiver"
125-->[androidx.profileinstaller:profileinstaller:1.3.0] AndroidManifest.xml:35:13-76
126            android:directBootAware="false"
126-->[androidx.profileinstaller:profileinstaller:1.3.0] AndroidManifest.xml:36:13-44
127            android:enabled="true"
127-->[androidx.profileinstaller:profileinstaller:1.3.0] AndroidManifest.xml:37:13-35
128            android:exported="true"
128-->[androidx.profileinstaller:profileinstaller:1.3.0] AndroidManifest.xml:38:13-36
129            android:permission="android.permission.DUMP" >
129-->[androidx.profileinstaller:profileinstaller:1.3.0] AndroidManifest.xml:39:13-57
130            <intent-filter>
130-->[androidx.profileinstaller:profileinstaller:1.3.0] AndroidManifest.xml:40:13-42:29
131                <action android:name="androidx.profileinstaller.action.INSTALL_PROFILE" />
131-->[androidx.profileinstaller:profileinstaller:1.3.0] AndroidManifest.xml:41:17-91
131-->[androidx.profileinstaller:profileinstaller:1.3.0] AndroidManifest.xml:41:25-88
132            </intent-filter>
133            <intent-filter>
133-->[androidx.profileinstaller:profileinstaller:1.3.0] AndroidManifest.xml:43:13-45:29
134                <action android:name="androidx.profileinstaller.action.SKIP_FILE" />
134-->[androidx.profileinstaller:profileinstaller:1.3.0] AndroidManifest.xml:44:17-85
134-->[androidx.profileinstaller:profileinstaller:1.3.0] AndroidManifest.xml:44:25-82
135            </intent-filter>
136            <intent-filter>
136-->[androidx.profileinstaller:profileinstaller:1.3.0] AndroidManifest.xml:46:13-48:29
137                <action android:name="androidx.profileinstaller.action.SAVE_PROFILE" />
137-->[androidx.profileinstaller:profileinstaller:1.3.0] AndroidManifest.xml:47:17-88
137-->[androidx.profileinstaller:profileinstaller:1.3.0] AndroidManifest.xml:47:25-85
138            </intent-filter>
139            <intent-filter>
139-->[androidx.profileinstaller:profileinstaller:1.3.0] AndroidManifest.xml:49:13-51:29
140                <action android:name="androidx.profileinstaller.action.BENCHMARK_OPERATION" />
140-->[androidx.profileinstaller:profileinstaller:1.3.0] AndroidManifest.xml:50:17-95
140-->[androidx.profileinstaller:profileinstaller:1.3.0] AndroidManifest.xml:50:25-92
141            </intent-filter>
142        </receiver>
143    </application>
144
145</manifest>